<?xml version="1.0" encoding="UTF-8"?>
<testng-results ignored="0" total="1" passed="1" failed="0" skipped="0">
  <reporter-output>
  </reporter-output>
  <suite started-at="2024-07-30T17:26:56 IST" name="Default suite" finished-at="2024-07-30T17:27:19 IST" duration-ms="22901">
    <groups>
    </groups>
    <test started-at="2024-07-30T17:26:56 IST" name="Default test" finished-at="2024-07-30T17:27:19 IST" duration-ms="22901">
      <class name="TestTESTNG">
        <test-method is-config="true" signature="beforeMethod()[pri:0, instance:TestTESTNG@130161f7]" started-at="2024-07-30T17:26:56 IST" name="beforeMethod" finished-at="2024-07-30T17:27:12 IST" duration-ms="16231" status="PASS">
          <reporter-output>
          </reporter-output>
        </test-method> <!-- beforeMethod -->
        <test-method signature="f()[pri:0, instance:TestTESTNG@130161f7]" started-at="2024-07-30T17:27:12 IST" name="f" finished-at="2024-07-30T17:27:19 IST" duration-ms="6636" status="PASS">
          <reporter-output>
          </reporter-output>
        </test-method> <!-- f -->
      </class> <!-- TestTESTNG -->
    </test> <!-- Default test -->
  </suite> <!-- Default suite -->
</testng-results>
